Base path: C:/Program Files/Unity/Hub/Editor/2019.1.0b10/Editor/Data
Cmd: initializeCompiler
Cmd: compileComputeKernel
  api=4 insize=14406 outsize=113273 ok=1
Cmd: compileComputeKernel
  api=4 insize=14406 outsize=33949 ok=1
Cmd: compileComputeKernel
  api=4 insize=14406 outsize=39357 ok=1
Cmd: compileComputeKernel
  api=4 insize=14406 outsize=36625 ok=1
Cmd: compileComputeKernel
  api=4 insize=14406 outsize=43565 ok=1
Cmd: compileComputeKernel
  api=4 insize=14406 outsize=74677 ok=1
Cmd: compileComputeKernel
  api=4 insize=26648 outsize=15569 ok=1
Cmd: compileComputeKernel
  api=4 insize=5767 outsize=5913 ok=1
Cmd: compileComputeKernel
  api=4 insize=975 outsize=913 ok=1
Cmd: compileComputeKernel
  api=4 insize=2816 outsize=1517 ok=1
Cmd: compileComputeKernel
  api=4 insize=9347 outsize=12813 ok=1
Cmd: compileComputeKernel
  api=4 insize=6309 outsize=661 ok=1
Cmd: compileComputeKernel
  api=4 insize=4918 outsize=2493 ok=1
Cmd: compileComputeKernel
  api=4 insize=12239 outsize=957 ok=1
Cmd: compileComputeKernel
  api=4 insize=7423 outsize=1049 ok=1
Cmd: compileComputeKernel
  api=4 insize=20012 outsize=14889 ok=1
Cmd: compileComputeKernel
  api=4 insize=501 outsize=749 ok=1
Cmd: compileComputeKernel
  api=4 insize=3022 outsize=2065 ok=1
Cmd: compileComputeKernel
  api=4 insize=7704 outsize=297 ok=1
Cmd: compileComputeKernel
  api=4 insize=20668 outsize=95033 ok=1
Cmd: compileComputeKernel
  api=4 insize=34508 outsize=35413 ok=1
Cmd: compileComputeKernel
  api=4 insize=34508 outsize=35413 ok=1
Cmd: compileComputeKernel
  api=4 insize=5133 outsize=2233 ok=1
Cmd: compileComputeKernel
  api=4 insize=5089 outsize=1233 ok=1
Cmd: compileComputeKernel
  api=4 insize=5089 outsize=929 ok=1
Cmd: compileComputeKernel
  api=4 insize=14985 outsize=6409 ok=1
Cmd: compileComputeKernel
  api=4 insize=2596 outsize=2169 ok=1
Cmd: compileComputeKernel
  api=4 insize=3043 outsize=2761 ok=1
Cmd: compileComputeKernel
  api=4 insize=3206 outsize=3693 ok=1
Cmd: compileComputeKernel
  api=4 insize=7712 outsize=5745 ok=1
Cmd: compileSnippet
  api=4 type=0 insize=7237 outsize=810 kw=_NORMALMAP_TANGENT_SPACE _MASKMAP pd=UNITY_ENABLE_REFLECTION_BUFFERS UNITY_USE_DITHER_MASK_FOR_ALPHABLENDED_SHADOWS UNITY_PBS_USE_BRDF1 UNITY_SPECCUBE_BOX_PROJECTION UNITY_SPECCUBE_BLENDING UNITY_ENABLE_DETAIL_NORMALMAP SHADER_API_DESKTOP UNITY_LIGHT_PROBE_PROXY_VOLUME UNITY_LIGHTMAP_FULL_HDR ok=1
Cmd: compileSnippet
  api=4 type=0 insize=5996 outsize=502 kw=DITHER APPLY_AFTER_POST pd=UNITY_ENABLE_REFLECTION_BUFFERS UNITY_USE_DITHER_MASK_FOR_ALPHABLENDED_SHADOWS UNITY_PBS_USE_BRDF1 UNITY_SPECCUBE_BOX_PROJECTION UNITY_SPECCUBE_BLENDING UNITY_ENABLE_DETAIL_NORMALMAP SHADER_API_DESKTOP UNITY_LIGHT_PROBE_PROXY_VOLUME UNITY_LIGHTMAP_FULL_HDR ok=1
