Base path: C:/Program Files/Unity/Hub/Editor/2019.1.0b10/Editor/Data
Cmd: initializeCompiler
Cmd: preprocessCompute
  insize=6712 outsize=6714 ok=1
Cmd: preprocessCompute
  insize=6550 outsize=6552 ok=1
Cmd: preprocess
  insize=9876 outsize=429 ok=1
Cmd: preprocessCompute
  insize=1627 outsize=1629 ok=1
Cmd: preprocessCompute
  insize=6340 outsize=6342 ok=1
Cmd: preprocessCompute
  insize=6091 outsize=6093 ok=1
Cmd: preprocess
  insize=9876 outsize=429 ok=1
Cmd: preprocessCompute
  insize=1627 outsize=1629 ok=1
Cmd: preprocessCompute
  insize=6340 outsize=6342 ok=1
Cmd: preprocessCompute
  insize=6091 outsize=6093 ok=1
Cmd: preprocess
  insize=9876 outsize=429 ok=1
Cmd: preprocessCompute
  insize=1627 outsize=1629 ok=1
